<?xml version="1.0" encoding="UTF-8"?>
<testng-results ignored="0" total="1" passed="1" failed="0" skipped="0">
  <reporter-output>
  </reporter-output>
  <suite started-at="2025-09-01T17:19:49 IST" name="Default suite" finished-at="2025-09-01T17:20:01 IST" duration-ms="11499">
    <groups>
    </groups>
    <test started-at="2025-09-01T17:19:49 IST" name="Default test" finished-at="2025-09-01T17:20:01 IST" duration-ms="11499">
      <class name="testngdemo1_demo.SauceDemoProductCheckout">
        <test-method is-config="true" signature="setupClass()[pri:0, instance:testngdemo1_demo.SauceDemoProductCheckout@3bf7ca37]" started-at="2025-09-01T17:19:49 IST" name="setupClass" finished-at="2025-09-01T17:19:53 IST" duration-ms="4084" status="PASS">
          <reporter-output>
          </reporter-output>
        </test-method> <!-- setupClass -->
        <test-method is-config="true" signature="setupMethod()[pri:0, instance:testngdemo1_demo.SauceDemoProductCheckout@3bf7ca37]" started-at="2025-09-01T17:19:53 IST" name="setupMethod" finished-at="2025-09-01T17:19:56 IST" duration-ms="2642" status="PASS">
          <reporter-output>
          </reporter-output>
        </test-method> <!-- setupMethod -->
        <test-method signature="testValidLogin()[pri:0, instance:testngdemo1_demo.SauceDemoProductCheckout@3bf7ca37]" started-at="2025-09-01T17:19:56 IST" name="testValidLogin" finished-at="2025-09-01T17:20:00 IST" duration-ms="3655" status="PASS">
          <reporter-output>
          </reporter-output>
        </test-method> <!-- testValidLogin -->
        <test-method is-config="true" signature="teardownMethod()[pri:0, instance:testngdemo1_demo.SauceDemoProductCheckout@3bf7ca37]" started-at="2025-09-01T17:20:00 IST" name="teardownMethod" finished-at="2025-09-01T17:20:00 IST" duration-ms="529" status="PASS">
          <reporter-output>
          </reporter-output>
        </test-method> <!-- teardownMethod -->
        <test-method is-config="true" signature="teardownClass()[pri:0, instance:testngdemo1_demo.SauceDemoProductCheckout@3bf7ca37]" started-at="2025-09-01T17:20:00 IST" name="teardownClass" finished-at="2025-09-01T17:20:01 IST" duration-ms="504" status="PASS">
          <reporter-output>
          </reporter-output>
        </test-method> <!-- teardownClass -->
      </class> <!-- testngdemo1_demo.SauceDemoProductCheckout -->
    </test> <!-- Default test -->
  </suite> <!-- Default suite -->
</testng-results>
