<?xml version="1.0" encoding="UTF-8"?>
<testng-results ignored="0" total="2" passed="2" failed="0" skipped="0">
  <reporter-output>
  </reporter-output>
  <suite started-at="2025-08-27T12:00:19 IST" name="Default suite" finished-at="2025-08-27T12:00:19 IST" duration-ms="139">
    <groups>
    </groups>
    <test started-at="2025-08-27T12:00:19 IST" name="Default test" finished-at="2025-08-27T12:00:19 IST" duration-ms="139">
      <class name="testngdemo1_demo.Hellotestngtest">
        <test-method is-config="true" signature="setupClass()[pri:0, instance:testngdemo1_demo.Hellotestngtest@489115ef]" started-at="2025-08-27T12:00:19 IST" name="setupClass" finished-at="2025-08-27T12:00:19 IST" duration-ms="17" status="PASS">
          <reporter-output>
          </reporter-output>
        </test-method> <!-- setupClass -->
        <test-method is-config="true" signature="setupMethod()[pri:0, instance:testngdemo1_demo.Hellotestngtest@489115ef]" started-at="2025-08-27T12:00:19 IST" name="setupMethod" finished-at="2025-08-27T12:00:19 IST" duration-ms="0" status="PASS">
          <reporter-output>
          </reporter-output>
        </test-method> <!-- setupMethod -->
        <test-method signature="testAddition()[pri:0, instance:testngdemo1_demo.Hellotestngtest@489115ef]" started-at="2025-08-27T12:00:19 IST" name="testAddition" finished-at="2025-08-27T12:00:19 IST" duration-ms="27" status="PASS">
          <reporter-output>
          </reporter-output>
        </test-method> <!-- testAddition -->
        <test-method is-config="true" signature="teardownMethod()[pri:0, instance:testngdemo1_demo.Hellotestngtest@489115ef]" started-at="2025-08-27T12:00:19 IST" name="teardownMethod" finished-at="2025-08-27T12:00:19 IST" duration-ms="1" status="PASS">
          <reporter-output>
          </reporter-output>
        </test-method> <!-- teardownMethod -->
        <test-method is-config="true" signature="setupMethod()[pri:0, instance:testngdemo1_demo.Hellotestngtest@489115ef]" started-at="2025-08-27T12:00:19 IST" name="setupMethod" finished-at="2025-08-27T12:00:19 IST" duration-ms="1" status="PASS">
          <reporter-output>
          </reporter-output>
        </test-method> <!-- setupMethod -->
        <test-method signature="testContains()[pri:0, instance:testngdemo1_demo.Hellotestngtest@489115ef]" started-at="2025-08-27T12:00:19 IST" name="testContains" finished-at="2025-08-27T12:00:19 IST" duration-ms="4" status="PASS">
          <reporter-output>
          </reporter-output>
        </test-method> <!-- testContains -->
        <test-method is-config="true" signature="teardownMethod()[pri:0, instance:testngdemo1_demo.Hellotestngtest@489115ef]" started-at="2025-08-27T12:00:19 IST" name="teardownMethod" finished-at="2025-08-27T12:00:19 IST" duration-ms="1" status="PASS">
          <reporter-output>
          </reporter-output>
        </test-method> <!-- teardownMethod -->
        <test-method is-config="true" signature="teardownClass()[pri:0, instance:testngdemo1_demo.Hellotestngtest@489115ef]" started-at="2025-08-27T12:00:19 IST" name="teardownClass" finished-at="2025-08-27T12:00:19 IST" duration-ms="1" status="PASS">
          <reporter-output>
          </reporter-output>
        </test-method> <!-- teardownClass -->
      </class> <!-- testngdemo1_demo.Hellotestngtest -->
    </test> <!-- Default test -->
  </suite> <!-- Default suite -->
</testng-results>
